<?xml version="1.0" encoding="UTF-8"?>
<!-- Generated by org.testng.reporters.JUnitReportReporter -->
<testsuite skipped="0" hostname="ip-172-31-92-41" name="grid.GridTest" tests="2" failures="0" timestamp="28 Nov 2021 07:14:44 GMT" time="16.619" errors="0">
  <testcase name="test2" time="11.057" classname="grid.GridTest"/>
  <testcase name="test1" time="5.562" classname="grid.GridTest"/>
</testsuite> <!-- grid.GridTest -->
