<?xml version="1.0" encoding="UTF-8"?>
<!-- Generated by org.testng.reporters.JUnitReportReporter -->
<testsuite skipped="0" hostname="ip-172-31-92-41" name="testng.LoginTest" tests="1" failures="0" timestamp="27 Nov 2021 04:16:01 GMT" time="4.209" errors="0">
  <testcase name="test1" time="4.209" classname="testng.LoginTest"/>
</testsuite> <!-- testng.LoginTest -->
