<?xml version="1.0" encoding="UTF-8"?>
<!-- Generated by org.testng.reporters.JUnitReportReporter -->
<testsuite skipped="0" hostname="ip-172-31-92-41" name="testng.LoginTest" tests="1" failures="0" timestamp="28 Nov 2021 06:43:09 GMT" time="4.931" errors="0">
  <testcase name="test1" time="4.931" classname="testng.LoginTest"/>
</testsuite> <!-- testng.LoginTest -->
